CRITICAL - 2025-06-21 11:13:23 --> CodeIgniter\View\Exceptions\ViewException: Invalid file: "kayawan/add.php"
[Method: GET, Route: karyawan/add]
in SYSTEMPATH\Exceptions\FrameworkException.php on line 39.
 1 SYSTEMPATH\View\View.php(212): CodeIgniter\Exceptions\FrameworkException::forInvalidFile()
 2 SYSTEMPATH\Common.php(1173): CodeIgniter\View\View->render()
 3 APPPATH\Controllers\KaryawanController.php(17): view()
 4 SYSTEMPATH\CodeIgniter.php(933): App\Controllers\KaryawanController->add()
 5 SYSTEMPATH\CodeIgniter.php(507): CodeIgniter\CodeIgniter->runController()
 6 SYSTEMPATH\CodeIgniter.php(354): CodeIgniter\CodeIgniter->handleRequest()
 7 SYSTEMPATH\Boot.php(334): CodeIgniter\CodeIgniter->run()
 8 SYSTEMPATH\Boot.php(67): CodeIgniter\Boot::runCodeIgniter()
 9 FCPATH\index.php(56): CodeIgniter\Boot::bootWeb()
10 SYSTEMPATH\rewrite.php(44): require_once('D:\\computer-club\\lcc\\public\\index.php')
CRITICAL - 2025-06-21 11:14:18 --> CodeIgniter\View\Exceptions\ViewException: Invalid file: "kayawan/add.php"
[Method: GET, Route: karyawan/add]
in SYSTEMPATH\Exceptions\FrameworkException.php on line 39.
 1 SYSTEMPATH\View\View.php(212): CodeIgniter\Exceptions\FrameworkException::forInvalidFile()
 2 SYSTEMPATH\Common.php(1173): CodeIgniter\View\View->render()
 3 APPPATH\Controllers\KaryawanController.php(17): view()
 4 SYSTEMPATH\CodeIgniter.php(933): App\Controllers\KaryawanController->add()
 5 SYSTEMPATH\CodeIgniter.php(507): CodeIgniter\CodeIgniter->runController()
 6 SYSTEMPATH\CodeIgniter.php(354): CodeIgniter\CodeIgniter->handleRequest()
 7 SYSTEMPATH\Boot.php(334): CodeIgniter\CodeIgniter->run()
 8 SYSTEMPATH\Boot.php(67): CodeIgniter\Boot::runCodeIgniter()
 9 FCPATH\index.php(56): CodeIgniter\Boot::bootWeb()
10 SYSTEMPATH\rewrite.php(44): require_once('D:\\computer-club\\lcc\\public\\index.php')
