ERROR - 2025-05-03 12:07:40 --> Error connecting to the database: mysqli_sql_exception: No connection could be made because the target machine actively refused it in D:\computer-club\lcc\system\Database\MySQLi\Connection.php:202
Stack trace:
#0 D:\computer-club\lcc\system\Database\MySQLi\Connection.php(202): mysqli->real_connect()
#1 D:\computer-club\lcc\system\Database\BaseConnection.php(421): CodeIgniter\Database\MySQLi\Connection->connect()
#2 D:\computer-club\lcc\system\Database\BaseConnection.php(620): CodeIgniter\Database\BaseConnection->initialize()
#3 D:\computer-club\lcc\system\Database\BaseConnection.php(1525): CodeIgniter\Database\BaseConnection->query()
#4 D:\computer-club\lcc\system\Database\BaseConnection.php(1545): CodeIgniter\Database\BaseConnection->listTables()
#5 D:\computer-club\lcc\system\Database\MigrationRunner.php(758): CodeIgniter\Database\BaseConnection->tableExists()
#6 D:\computer-club\lcc\system\Database\MigrationRunner.php(162): CodeIgniter\Database\MigrationRunner->ensureTable()
#7 D:\computer-club\lcc\system\Commands\Database\Migrate.php(85): CodeIgniter\Database\MigrationRunner->latest()
#8 D:\computer-club\lcc\system\CLI\Commands.php(70): CodeIgniter\Commands\Database\Migrate->run()
#9 D:\computer-club\lcc\system\CLI\Console.php(48): CodeIgniter\CLI\Commands->run()
#10 D:\computer-club\lcc\system\Boot.php(360): CodeIgniter\CLI\Console->run()
#11 D:\computer-club\lcc\system\Boot.php(104): CodeIgniter\Boot::runCommand()
#12 D:\computer-club\lcc\spark(84): CodeIgniter\Boot::bootSpark()
#13 {main}

Next CodeIgniter\Database\Exceptions\DatabaseException: No connection could be made because the target machine actively refused it in D:\computer-club\lcc\system\Database\MySQLi\Connection.php:246
Stack trace:
#0 D:\computer-club\lcc\system\Database\BaseConnection.php(421): CodeIgniter\Database\MySQLi\Connection->connect()
#1 D:\computer-club\lcc\system\Database\BaseConnection.php(620): CodeIgniter\Database\BaseConnection->initialize()
#2 D:\computer-club\lcc\system\Database\BaseConnection.php(1525): CodeIgniter\Database\BaseConnection->query()
#3 D:\computer-club\lcc\system\Database\BaseConnection.php(1545): CodeIgniter\Database\BaseConnection->listTables()
#4 D:\computer-club\lcc\system\Database\MigrationRunner.php(758): CodeIgniter\Database\BaseConnection->tableExists()
#5 D:\computer-club\lcc\system\Database\MigrationRunner.php(162): CodeIgniter\Database\MigrationRunner->ensureTable()
#6 D:\computer-club\lcc\system\Commands\Database\Migrate.php(85): CodeIgniter\Database\MigrationRunner->latest()
#7 D:\computer-club\lcc\system\CLI\Commands.php(70): CodeIgniter\Commands\Database\Migrate->run()
#8 D:\computer-club\lcc\system\CLI\Console.php(48): CodeIgniter\CLI\Commands->run()
#9 D:\computer-club\lcc\system\Boot.php(360): CodeIgniter\CLI\Console->run()
#10 D:\computer-club\lcc\system\Boot.php(104): CodeIgniter\Boot::runCommand()
#11 D:\computer-club\lcc\spark(84): CodeIgniter\Boot::bootSpark()
#12 {main}
CRITICAL - 2025-05-03 12:34:14 --> ErrorException: Cannot declare class App\Database\Migrations\Karyawan, because the name is already in use
[Method: CLI, Route: migrate]
in APPPATH\Database\Migrations\2025-05-03-123408_Karyawan.php on line 7.
 1 [internal function]: CodeIgniter\Debug\Exceptions->shutdownHandler()
